{"D:\\Study\\MyProject\\chazuke-ui\\src\\Button\\index.tsx": {"path":"D:\\Study\\MyProject\\chazuke-ui\\src\\Button\\index.tsx","statementMap":{"0":{"start":{"line":1,"column":0},"end":{"line":1,"column":26}},"1":{"start":{"line":2,"column":0},"end":{"line":2,"column":37}},"2":{"start":{"line":3,"column":0},"end":{"line":3,"column":63}},"3":{"start":{"line":5,"column":23},"end":{"line":25,"column":null}},"4":{"start":{"line":34,"column":38},"end":{"line":43,"column":1}},"5":{"start":{"line":35,"column":48},"end":{"line":35,"column":53}},"6":{"start":{"line":35,"column":43},"end":{"line":35,"column":48}},"7":{"start":{"line":36,"column":20},"end":{"line":36,"column":47}},"8":{"start":{"line":37,"column":2},"end":{"line":42,"column":4}},"9":{"start":{"line":45,"column":0},"end":{"line":45,"column":22}}},"fnMap":{"0":{"name":"(anonymous_2)","decl":{"start":{"line":34,"column":38},"end":{"line":34,"column":39}},"loc":{"start":{"line":34,"column":48},"end":{"line":43,"column":1}}}},"branchMap":{"0":{"loc":{"start":{"line":35,"column":10},"end":{"line":35,"column":23}},"type":"default-arg","locations":[{"start":{"line":35,"column":18},"end":{"line":35,"column":23}}]},"1":{"loc":{"start":{"line":36,"column":20},"end":{"line":36,"column":47}},"type":"cond-expr","locations":[{"start":{"line":36,"column":30},"end":{"line":36,"column":36}},{"start":{"line":36,"column":39},"end":{"line":36,"column":47}}]}},"s":{"0":1,"1":1,"2":1,"3":1,"4":1,"5":4,"6":4,"7":4,"8":4,"9":1},"f":{"0":4},"b":{"0":[4],"1":[0,4]}}
}
